#
# A fatal error has been detected by the Java Runtime Environment:
#
#  EXCEPTION_ACCESS_VIOLATION (0xc0000005) at pc=0x00000000645f29b0, pid=17180, tid=0x0000000000003c2c
#
# JRE version: OpenJDK Runtime Environment (8.0_76-b03) (build 1.8.0_76-release-b03)
# Java VM: OpenJDK 64-Bit Server VM (25.76-b03 mixed mode windows-amd64 compressed oops)
# Problematic frame:
# V  [jvm.dll+0xe29b0]
#
# Failed to write core dump. Minidumps are not enabled by default on client versions of Windows
#
# If you would like to submit a bug report, please visit:
#   http://bugreport.java.com/bugreport/crash.jsp
#

---------------  T H R E A D  ---------------

Current thread (0x00000000190b9800):  JavaThread "C2 CompilerThread1" daemon [_thread_in_vm, id=15404, stack(0x0000000019980000,0x0000000019a80000)]

siginfo: ExceptionCode=0xc0000005, reading address 0xffffffffffffffff

Registers:
RAX=0xca56bfd8e8f6ce58, RBX=0x000000000536a710, RCX=0x000000010000e348, RDX=0x000000000536a710
RSP=0x0000000019a7dce0, RBP=0x0000000019a7df08, RSI=0x0000000000000680, RDI=0x000000010000e348
R8 =0x0000000016854da8, R9 =0x0000000000000040, R10=0x000000001b362e20, R11=0x0000000000000006
R12=0x00000000000000cc, R13=0x0000000000006c40, R14=0x000000001d6f6b50, R15=0x000000001d6fa4a0
RIP=0x00000000645f29b0, EFLAGS=0x0000000000010282

Top of Stack: (sp=0x0000000019a7dce0)
0x0000000019a7dce0:   000000001d6fa4a0 0000000000000000
0x0000000019a7dcf0:   0000000000006c40 00000000000000cc
0x0000000019a7dd00:   000000000536a710 00000000645885bd
0x0000000019a7dd10:   000000000191bdd0 0000000000000680
0x0000000019a7dd20:   000000000536a710 0000000000000000
0x0000000019a7dd30:   00000000ffffffff 0000000019a7f374
0x0000000019a7dd40:   00000000000000a8 000000001d6f6b50
0x0000000019a7dd50:   000000001d6fa4a0 0000000019a7f3e8
0x0000000019a7dd60:   0000000000000018 000000001e5b7260
0x0000000019a7dd70:   0000000019a7f578 0000000019a7f590
0x0000000019a7dd80:   00000000171caf30 0000000000000004
0x0000000019a7dd90:   000000a800003a86 00000004ffffffff
0x0000000019a7dda0:   0000000000000018 0000000019a7f3e8
0x0000000019a7ddb0:   00000000171caf30 0000000019a7f590
0x0000000019a7ddc0:   000000001e5b7260 0000000019a7f578
0x0000000019a7ddd0:   0000000000000040 00000000190b9800 

Instructions: (pc=0x00000000645f29b0)
0x00000000645f2990:   48 89 5c 24 08 57 48 83 ec 20 48 8b 81 38 01 00
0x00000000645f29a0:   00 48 8b da 48 8b f9 48 85 c0 74 12 0f 1f 40 00
0x00000000645f29b0:   48 3b 10 74 3f 48 8b 40 10 48 85 c0 75 f2 b9 18
0x00000000645f29c0:   00 00 00 e8 f8 9e f4 ff 48 85 c0 74 35 48 8b 8f 


Register to memory mapping:

RAX=0xca56bfd8e8f6ce58 is an unknown value
RBX=0x000000000536a710 is at entry_point+-1040 in (nmethod*)0x000000000536a710
RCX=0x000000010000e348 is pointing into metadata
RDX=0x000000000536a710 is at entry_point+-1040 in (nmethod*)0x000000000536a710
RSP=0x0000000019a7dce0 is pointing into the stack for thread: 0x00000000190b9800
RBP=0x0000000019a7df08 is pointing into the stack for thread: 0x00000000190b9800
RSI=0x0000000000000680 is an unknown value
RDI=0x000000010000e348 is pointing into metadata
R8 ={method} {0x0000000016854db0} 'getCanonicalFile' '()Ljava/io/File;' in 'java/io/File'
R9 =0x0000000000000040 is an unknown value
R10=0x000000001b362e20 is an unknown value
R11=0x0000000000000006 is an unknown value
R12=0x00000000000000cc is an unknown value
R13=0x0000000000006c40 is an unknown value
R14=0x000000001d6f6b50 is an unknown value
R15=0x000000001d6fa4a0 is an unknown value


Stack: [0x0000000019980000,0x0000000019a80000],  sp=0x0000000019a7dce0,  free space=1015k
Native frames: (J=compiled Java code, j=interpreted, Vv=VM code, C=native code)
V  [jvm.dll+0xe29b0]
V  [jvm.dll+0x785bd]
V  [jvm.dll+0xc6de]
V  [jvm.dll+0x43bbd2]
V  [jvm.dll+0x41f212]
V  [jvm.dll+0x806e9]
V  [jvm.dll+0x8101f]
V  [jvm.dll+0x21bc14]
V  [jvm.dll+0x26b60a]
C  [msvcr100.dll+0x21d9f]
C  [msvcr100.dll+0x21e3b]
C  [KERNEL32.DLL+0x8364]
C  [ntdll.dll+0x65e91]


Current CompileTask:
C2:5556064 14982   !   4       java.net.URLClassLoader::getResourceAsStream (137 bytes)


---------------  P R O C E S S  ---------------

Java Threads: ( => current thread )
  0x000000001e1a3800 JavaThread "Stdin handler" [_thread_blocked, id=19768, stack(0x0000000032c50000,0x0000000032d50000)]
  0x000000001e1a6800 JavaThread "Asynchronous log dispatcher for org.gradle.launcher.daemon.server.DefaultDaemonConnection@31bf1b80" [_thread_blocked, id=19764, stack(0x0000000032b50000,0x0000000032c50000)]
  0x000000001e1aa800 JavaThread "Daemon worker Thread 8" [_thread_blocked, id=19748, stack(0x0000000032a50000,0x0000000032b50000)]
  0x000000001e1a9800 JavaThread "Cancel handler" [_thread_blocked, id=19752, stack(0x0000000032950000,0x0000000032a50000)]
  0x000000001e1a7000 JavaThread "Handler for socket connection from /127.0.0.1:17660 to /127.0.0.1:23769" [_thread_in_native, id=19772, stack(0x0000000032850000,0x0000000032950000)]
  0x000000001e1a8800 JavaThread "Daemon Thread 8" [_thread_blocked, id=19756, stack(0x0000000032750000,0x0000000032850000)]
  0x000000001fb0c000 JavaThread "File lock request listener" [_thread_in_native, id=18344, stack(0x000000001fd30000,0x000000001fe30000)]
  0x000000001aec8000 JavaThread "pool-1-thread-1" [_thread_blocked, id=18064, stack(0x000000001bdc0000,0x000000001bec0000)]
  0x000000001abdc000 JavaThread "Incoming local TCP Connector on port 17660" [_thread_in_native, id=17560, stack(0x000000001b990000,0x000000001ba90000)]
  0x00000000190df000 JavaThread "Service Thread" daemon [_thread_blocked, id=17772, stack(0x0000000019c80000,0x0000000019d80000)]
  0x00000000190c7800 JavaThread "C1 CompilerThread3" daemon [_thread_blocked, id=15836, stack(0x0000000019b80000,0x0000000019c80000)]
  0x00000000190bd800 JavaThread "C2 CompilerThread2" daemon [_thread_in_vm, id=16668, stack(0x0000000019a80000,0x0000000019b80000)]
=>0x00000000190b9800 JavaThread "C2 CompilerThread1" daemon [_thread_in_vm, id=15404, stack(0x0000000019980000,0x0000000019a80000)]
  0x00000000190b7800 JavaThread "C2 CompilerThread0" daemon [_thread_blocked, id=13500, stack(0x0000000019880000,0x0000000019980000)]
  0x00000000190b6000 JavaThread "Attach Listener" daemon [_thread_blocked, id=16948, stack(0x0000000019780000,0x0000000019880000)]
  0x00000000190b3000 JavaThread "Signal Dispatcher" daemon [_thread_blocked, id=17816, stack(0x0000000019680000,0x0000000019780000)]
  0x0000000001fad800 JavaThread "Finalizer" daemon [_thread_blocked, id=16712, stack(0x0000000019490000,0x0000000019590000)]
  0x0000000001fa5000 JavaThread "Reference Handler" daemon [_thread_blocked, id=17260, stack(0x0000000018f90000,0x0000000019090000)]
  0x000000000191d800 JavaThread "main" [_thread_blocked, id=18228, stack(0x0000000001cc0000,0x0000000001dc0000)]

Other Threads:
  0x00000000171b6800 VMThread [stack: 0x0000000018e90000,0x0000000018f90000] [id=16864]
  0x00000000190df800 WatcherThread [stack: 0x0000000019d80000,0x0000000019e80000] [id=14908]

VM state:not at safepoint (normal execution)

VM Mutex/Monitor currently owned by a thread:  ([mutex/lock_event])
[0x000000000191bdd0] CodeCache_lock - owner thread: 0x00000000190b9800
[0x0000000001eb19d0] Compile_lock - owner thread: 0x00000000190b9800
[0x0000000001eb1950] MethodCompileQueue_lock - owner thread: 0x00000000190b9800

Heap:
 PSYoungGen      total 230400K, used 74965K [0x00000000e0000000, 0x00000000f4480000, 0x0000000100000000)
  eden space 224768K, 33% used [0x00000000e0000000,0x00000000e4935478,0x00000000edb80000)
  from space 5632K, 0% used [0x00000000edb80000,0x00000000edb80000,0x00000000ee100000)
  to   space 53760K, 0% used [0x00000000f1000000,0x00000000f1000000,0x00000000f4480000)
 ParOldGen       total 185856K, used 32904K [0x00000000a0000000, 0x00000000ab580000, 0x00000000e0000000)
  object space 185856K, 17% used [0x00000000a0000000,0x00000000a2022358,0x00000000ab580000)
 Metaspace       used 69209K, capacity 72334K, committed 72472K, reserved 1112064K
  class space    used 8720K, capacity 9155K, committed 9264K, reserved 1048576K

Card table byte_map: [0x00000000127c0000,0x0000000012ad0000] byte_map_base: 0x00000000122c0000

Marking Bits: (ParMarkBitMap*) 0x0000000064cc9d00
 Begin Bits: [0x00000000134d0000, 0x0000000014cd0000)
 End Bits:   [0x0000000014cd0000, 0x00000000164d0000)

Polling page: 0x0000000001490000

CodeCache: size=245760Kb used=42913Kb max_used=43132Kb free=202846Kb
 bounds [0x0000000003400000, 0x0000000005e70000, 0x0000000012400000]
 total_blobs=12596 nmethods=11805 adapters=700
 compilation: enabled

Compilation events (10 events):
Event: 5554.123 Thread 0x00000000190bd800 14981       4       org.apache.xerces.impl.XMLEntityManager$CharacterBufferPool::returnBuffer (73 bytes)
Event: 5554.124 Thread 0x00000000190bd800 nmethod 14981 0x000000000414d810 code [0x000000000414d960, 0x000000000414da78]
Event: 5554.137 Thread 0x00000000190b9800 14982   !   4       java.net.URLClassLoader::getResourceAsStream (137 bytes)
Event: 5554.161 Thread 0x00000000190b7800 14983       4       org.gradle.api.internal.artifacts.ivyservice.ivyresolve.ComponentMetaDataResolveState::<init> (37 bytes)
Event: 5554.162 Thread 0x00000000190b7800 nmethod 14983 0x0000000003594b50 code [0x0000000003594ca0, 0x0000000003594e78]
Event: 5554.168 Thread 0x00000000190bd800 14984       4       org.apache.xerces.parsers.SecuritySupport$4::run (8 bytes)
Event: 5554.168 Thread 0x00000000190b7800 14985       4       org.apache.xerces.parsers.ObjectFactory::findClassLoader (89 bytes)
Event: 5554.168 Thread 0x00000000190bd800 nmethod 14984 0x0000000003de0cd0 code [0x0000000003de0e20, 0x0000000003de0ea8]
Event: 5554.170 Thread 0x00000000190b7800 nmethod 14985 0x0000000004bd8910 code [0x0000000004bd8aa0, 0x0000000004bd8d48]
Event: 5554.182 Thread 0x00000000190bd800 14986       4       org.apache.xerces.impl.XMLDocumentScannerImpl::<init> (125 bytes)

GC Heap History (10 events):
Event: 3214.979 GC heap before
{Heap before GC invocations=38 (full 9):
 PSYoungGen      total 258048K, used 148578K [0x00000000e0000000, 0x00000000f5280000, 0x0000000100000000)
  eden space 197120K, 72% used [0x00000000e0000000,0x00000000e8c00b40,0x00000000ec080000)
  from space 60928K, 8% used [0x00000000efa80000,0x00000000eff98040,0x00000000f3600000)
  to   space 59392K, 0% used [0x00000000ec080000,0x00000000ec080000,0x00000000efa80000)
 ParOldGen       total 185856K, used 28778K [0x00000000a0000000, 0x00000000ab580000, 0x00000000e0000000)
  object space 185856K, 15% used [0x00000000a0000000,0x00000000a1c1a8a8,0x00000000ab580000)
 Metaspace       used 68678K, capacity 71150K, committed 71704K, reserved 1112064K
  class space    used 8652K, capacity 9055K, committed 9264K, reserved 1048576K
Event: 3214.987 GC heap after
Heap after GC invocations=38 (full 9):
 PSYoungGen      total 256512K, used 5693K [0x00000000e0000000, 0x00000000f4f80000, 0x0000000100000000)
  eden space 197120K, 0% used [0x00000000e0000000,0x00000000e0000000,0x00000000ec080000)
  from space 59392K, 9% used [0x00000000ec080000,0x00000000ec60f5c8,0x00000000efa80000)
  to   space 57856K, 0% used [0x00000000f1700000,0x00000000f1700000,0x00000000f4f80000)
 ParOldGen       total 185856K, used 28786K [0x00000000a0000000, 0x00000000ab580000, 0x00000000e0000000)
  object space 185856K, 15% used [0x00000000a0000000,0x00000000a1c1c8a8,0x00000000ab580000)
 Metaspace       used 68678K, capacity 71150K, committed 71704K, reserved 1112064K
  class space    used 8652K, capacity 9055K, committed 9264K, reserved 1048576K
}
Event: 3214.987 GC heap before
{Heap before GC invocations=39 (full 10):
 PSYoungGen      total 256512K, used 5693K [0x00000000e0000000, 0x00000000f4f80000, 0x0000000100000000)
  eden space 197120K, 0% used [0x00000000e0000000,0x00000000e0000000,0x00000000ec080000)
  from space 59392K, 9% used [0x00000000ec080000,0x00000000ec60f5c8,0x00000000efa80000)
  to   space 57856K, 0% used [0x00000000f1700000,0x00000000f1700000,0x00000000f4f80000)
 ParOldGen       total 185856K, used 28786K [0x00000000a0000000, 0x00000000ab580000, 0x00000000e0000000)
  object space 185856K, 15% used [0x00000000a0000000,0x00000000a1c1c8a8,0x00000000ab580000)
 Metaspace       used 68678K, capacity 71150K, committed 71704K, reserved 1112064K
  class space    used 8652K, capacity 9055K, committed 9264K, reserved 1048576K
Event: 3215.255 GC heap after
Heap after GC invocations=39 (full 10):
 PSYoungGen      total 256512K, used 0K [0x00000000e0000000, 0x00000000f4f80000, 0x0000000100000000)
  eden space 197120K, 0% used [0x00000000e0000000,0x00000000e0000000,0x00000000ec080000)
  from space 59392K, 0% used [0x00000000ec080000,0x00000000ec080000,0x00000000efa80000)
  to   space 57856K, 0% used [0x00000000f1700000,0x00000000f1700000,0x00000000f4f80000)
 ParOldGen       total 185856K, used 30382K [0x00000000a0000000, 0x00000000ab580000, 0x00000000e0000000)
  object space 185856K, 16% used [0x00000000a0000000,0x00000000a1daba40,0x00000000ab580000)
 Metaspace       used 68450K, capacity 70820K, committed 71704K, reserved 1112064K
  class space    used 8577K, capacity 8958K, committed 9264K, reserved 1048576K
}
Event: 3331.132 GC heap before
{Heap before GC invocations=40 (full 10):
 PSYoungGen      total 256512K, used 197120K [0x00000000e0000000, 0x00000000f4f80000, 0x0000000100000000)
  eden space 197120K, 100% used [0x00000000e0000000,0x00000000ec080000,0x00000000ec080000)
  from space 59392K, 0% used [0x00000000ec080000,0x00000000ec080000,0x00000000efa80000)
  to   space 57856K, 0% used [0x00000000f1700000,0x00000000f1700000,0x00000000f4f80000)
 ParOldGen       total 185856K, used 30382K [0x00000000a0000000, 0x00000000ab580000, 0x00000000e0000000)
  object space 185856K, 16% used [0x00000000a0000000,0x00000000a1daba40,0x00000000ab580000)
 Metaspace       used 69075K, capacity 72010K, committed 72216K, reserved 1112064K
  class space    used 8700K, capacity 9136K, committed 9264K, reserved 1048576K
Event: 3331.139 GC heap after
Heap after GC invocations=40 (full 10):
 PSYoungGen      total 275456K, used 4944K [0x00000000e0000000, 0x00000000f4880000, 0x0000000100000000)
  eden space 224768K, 0% used [0x00000000e0000000,0x00000000e0000000,0x00000000edb80000)
  from space 50688K, 9% used [0x00000000f1700000,0x00000000f1bd4030,0x00000000f4880000)
  to   space 55808K, 0% used [0x00000000edb80000,0x00000000edb80000,0x00000000f1200000)
 ParOldGen       total 185856K, used 30390K [0x00000000a0000000, 0x00000000ab580000, 0x00000000e0000000)
  object space 185856K, 16% used [0x00000000a0000000,0x00000000a1dada40,0x00000000ab580000)
 Metaspace       used 69075K, capacity 72010K, committed 72216K, reserved 1112064K
  class space    used 8700K, capacity 9136K, committed 9264K, reserved 1048576K
}
Event: 3337.864 GC heap before
{Heap before GC invocations=41 (full 10):
 PSYoungGen      total 275456K, used 207725K [0x00000000e0000000, 0x00000000f4880000, 0x0000000100000000)
  eden space 224768K, 90% used [0x00000000e0000000,0x00000000ec607478,0x00000000edb80000)
  from space 50688K, 9% used [0x00000000f1700000,0x00000000f1bd4030,0x00000000f4880000)
  to   space 55808K, 0% used [0x00000000edb80000,0x00000000edb80000,0x00000000f1200000)
 ParOldGen       total 185856K, used 30390K [0x00000000a0000000, 0x00000000ab580000, 0x00000000e0000000)
  object space 185856K, 16% used [0x00000000a0000000,0x00000000a1dada40,0x00000000ab580000)
 Metaspace       used 69213K, capacity 72242K, committed 72472K, reserved 1112064K
  class space    used 8729K, capacity 9167K, committed 9264K, reserved 1048576K
Event: 3337.873 GC heap after
Heap after GC invocations=41 (full 10):
 PSYoungGen      total 230400K, used 5264K [0x00000000e0000000, 0x00000000f4480000, 0x0000000100000000)
  eden space 224768K, 0% used [0x00000000e0000000,0x00000000e0000000,0x00000000edb80000)
  from space 5632K, 93% used [0x00000000edb80000,0x00000000ee0a4010,0x00000000ee100000)
  to   space 53760K, 0% used [0x00000000f1000000,0x00000000f1000000,0x00000000f4480000)
 ParOldGen       total 185856K, used 30398K [0x00000000a0000000, 0x00000000ab580000, 0x00000000e0000000)
  object space 185856K, 16% used [0x00000000a0000000,0x00000000a1dafa40,0x00000000ab580000)
 Metaspace       used 69213K, capacity 72242K, committed 72472K, reserved 1112064K
  class space    used 8729K, capacity 9167K, committed 9264K, reserved 1048576K
}
Event: 3337.873 GC heap before
{Heap before GC invocations=42 (full 11):
 PSYoungGen      total 230400K, used 5264K [0x00000000e0000000, 0x00000000f4480000, 0x0000000100000000)
  eden space 224768K, 0% used [0x00000000e0000000,0x00000000e0000000,0x00000000edb80000)
  from space 5632K, 93% used [0x00000000edb80000,0x00000000ee0a4010,0x00000000ee100000)
  to   space 53760K, 0% used [0x00000000f1000000,0x00000000f1000000,0x00000000f4480000)
 ParOldGen       total 185856K, used 30398K [0x00000000a0000000, 0x00000000ab580000, 0x00000000e0000000)
  object space 185856K, 16% used [0x00000000a0000000,0x00000000a1dafa40,0x00000000ab580000)
 Metaspace       used 69213K, capacity 72242K, committed 72472K, reserved 1112064K
  class space    used 8729K, capacity 9167K, committed 9264K, reserved 1048576K
Event: 3338.067 GC heap after
Heap after GC invocations=42 (full 11):
 PSYoungGen      total 230400K, used 0K [0x00000000e0000000, 0x00000000f4480000, 0x0000000100000000)
  eden space 224768K, 0% used [0x00000000e0000000,0x00000000e0000000,0x00000000edb80000)
  from space 5632K, 0% used [0x00000000edb80000,0x00000000edb80000,0x00000000ee100000)
  to   space 53760K, 0% used [0x00000000f1000000,0x00000000f1000000,0x00000000f4480000)
 ParOldGen       total 185856K, used 32904K [0x00000000a0000000, 0x00000000ab580000, 0x00000000e0000000)
  object space 185856K, 17% used [0x00000000a0000000,0x00000000a2022358,0x00000000ab580000)
 Metaspace       used 69160K, capacity 72182K, committed 72472K, reserved 1112064K
  class space    used 8712K, capacity 9147K, committed 9264K, reserved 1048576K
}

Deoptimization events (10 events):
Event: 2887.630 Thread 0x000000001e1ab000 Uncommon trap: reason=class_check action=maybe_recompile pc=0x0000000003d045b8 method=org.gradle.internal.logging.text.AbstractLineChoppingStyledTextOutput.doAppend(Ljava/lang/String;)V @ 114
Event: 2919.242 Thread 0x000000001e1ab000 Uncommon trap: reason=unstable_if action=reinterpret pc=0x0000000005ce4f44 method=java.io.ObjectOutputStream$BlockDataOutputStream.writeShort(I)V @ 9
Event: 2919.242 Thread 0x000000001e1ab000 Uncommon trap: reason=bimorphic action=maybe_recompile pc=0x0000000003c5f3ec method=java.io.DataOutputStream.writeShort(I)V @ 12
Event: 3214.958 Thread 0x000000001e1a7000 Uncommon trap: reason=bimorphic action=maybe_recompile pc=0x0000000005a3c434 method=com.google.common.cache.LocalCache$Segment.setValue(Lcom/google/common/cache/LocalCache$ReferenceEntry;Ljava/lang/Object;Ljava/lang/Object;J)V @ 1
Event: 3214.959 Thread 0x000000001e1a7000 Uncommon trap: reason=bimorphic action=maybe_recompile pc=0x0000000005a3c434 method=com.google.common.cache.LocalCache$Segment.setValue(Lcom/google/common/cache/LocalCache$ReferenceEntry;Ljava/lang/Object;Ljava/lang/Object;J)V @ 1
Event: 3214.962 Thread 0x000000001e1a7000 Uncommon trap: reason=bimorphic action=maybe_recompile pc=0x0000000005a3c434 method=com.google.common.cache.LocalCache$Segment.setValue(Lcom/google/common/cache/LocalCache$ReferenceEntry;Ljava/lang/Object;Ljava/lang/Object;J)V @ 1
Event: 3214.963 Thread 0x000000001e1a7000 Uncommon trap: reason=bimorphic action=maybe_recompile pc=0x0000000005a3c434 method=com.google.common.cache.LocalCache$Segment.setValue(Lcom/google/common/cache/LocalCache$ReferenceEntry;Ljava/lang/Object;Ljava/lang/Object;J)V @ 1
Event: 3253.296 Thread 0x000000001e1a7000 Uncommon trap: reason=unstable_if action=reinterpret pc=0x0000000004eccf18 method=groovyjarjarasm.asm.ByteVector.b(II)Lgroovyjarjarasm/asm/ByteVector; @ 13
Event: 3253.314 Thread 0x000000001e1a7000 Uncommon trap: reason=class_check action=maybe_recompile pc=0x0000000003d045b8 method=org.gradle.internal.logging.text.AbstractLineChoppingStyledTextOutput.doAppend(Ljava/lang/String;)V @ 114
Event: 3282.595 Thread 0x000000001e1a7000 Uncommon trap: reason=class_check action=maybe_recompile pc=0x0000000003d045b8 method=org.gradle.internal.logging.text.AbstractLineChoppingStyledTextOutput.doAppend(Ljava/lang/String;)V @ 114

Internal exceptions (10 events):
Event: 3331.263 Thread 0x000000001e1a7000 Exception <a 'java/lang/ClassNotFoundException': build_59xfcsn7swmfj7ibcmkrvifaaBeanInfo> (0x00000000e2abd780) thrown at [C:\src\android\AOSP-openjdk\external\jetbrains\jdk\hotspot\src\share\vm\classfile\systemDictionary.cpp, line 210]
Event: 3331.263 Thread 0x000000001e1a7000 Exception <a 'java/lang/ClassNotFoundException': build_59xfcsn7swmfj7ibcmkrvifaaCustomizer> (0x00000000e2acb218) thrown at [C:\src\android\AOSP-openjdk\external\jetbrains\jdk\hotspot\src\share\vm\classfile\systemDictionary.cpp, line 210]
Event: 3331.306 Thread 0x000000001e1a7000 Exception <a 'java/lang/ClassNotFoundException': build_6kt061ldnnz893bpnf9u9pl4nBeanInfo> (0x00000000e2d004d0) thrown at [C:\src\android\AOSP-openjdk\external\jetbrains\jdk\hotspot\src\share\vm\classfile\systemDictionary.cpp, line 210]
Event: 3331.306 Thread 0x000000001e1a7000 Exception <a 'java/lang/ClassNotFoundException': build_6kt061ldnnz893bpnf9u9pl4nCustomizer> (0x00000000e2d08f50) thrown at [C:\src\android\AOSP-openjdk\external\jetbrains\jdk\hotspot\src\share\vm\classfile\systemDictionary.cpp, line 210]
Event: 3334.031 Thread 0x000000001e1a7000 Exception <a 'java/lang/ClassNotFoundException': asLocalRepo393_dk6iehaav553iwyuxx72qu56BeanInfo> (0x00000000e309af10) thrown at [C:\src\android\AOSP-openjdk\external\jetbrains\jdk\hotspot\src\share\vm\classfile\systemDictionary.cpp, line 210]
Event: 3334.032 Thread 0x000000001e1a7000 Exception <a 'java/lang/ClassNotFoundException': asLocalRepo393_dk6iehaav553iwyuxx72qu56Customizer> (0x00000000e30a4a38) thrown at [C:\src\android\AOSP-openjdk\external\jetbrains\jdk\hotspot\src\share\vm\classfile\systemDictionary.cpp, line 210]
Event: 3337.672 Thread 0x000000001e1a7000 Exception <a 'java/lang/ClassNotFoundException': asLocalRepo158_b5t5n2kng6yjlbdbllmb837m6BeanInfo> (0x00000000e7b862f0) thrown at [C:\src\android\AOSP-openjdk\external\jetbrains\jdk\hotspot\src\share\vm\classfile\systemDictionary.cpp, line 210]
Event: 3337.672 Thread 0x000000001e1a7000 Exception <a 'java/lang/ClassNotFoundException': asLocalRepo158_b5t5n2kng6yjlbdbllmb837m6Customizer> (0x00000000e7b8fe40) thrown at [C:\src\android\AOSP-openjdk\external\jetbrains\jdk\hotspot\src\share\vm\classfile\systemDictionary.cpp, line 210]
Event: 5554.021 Thread 0x000000001e1aa800 Exception <a 'java/lang/ClassNotFoundException': asLocalRepo16_205pdy8lpv4kk55amhexguulBeanInfo> (0x00000000e064c7e8) thrown at [C:\src\android\AOSP-openjdk\external\jetbrains\jdk\hotspot\src\share\vm\classfile\systemDictionary.cpp, line 210]
Event: 5554.021 Thread 0x000000001e1aa800 Exception <a 'java/lang/ClassNotFoundException': asLocalRepo16_205pdy8lpv4kk55amhexguulCustomizer> (0x00000000e06562c8) thrown at [C:\src\android\AOSP-openjdk\external\jetbrains\jdk\hotspot\src\share\vm\classfile\systemDictionary.cpp, line 210]

Events (10 events):
Event: 5554.031 loading class asLocalRepo16_205pdy8lpv4kk55amhexguul$_run_closure1$_closure3
Event: 5554.031 loading class asLocalRepo16_205pdy8lpv4kk55amhexguul$_run_closure1$_closure3 done
Event: 5554.032 loading class groovy/runtime/metaclass/asLocalRepo16_205pdy8lpv4kk55amhexguul$_run_closure1$_closure3MetaClass
Event: 5554.032 loading class groovy/runtime/metaclass/asLocalRepo16_205pdy8lpv4kk55amhexguul$_run_closure1$_closure3MetaClass done
Event: 5554.032 loading class asLocalRepo16_205pdy8lpv4kk55amhexguul$_run_closure1$_closure3$_closure6
Event: 5554.032 loading class asLocalRepo16_205pdy8lpv4kk55amhexguul$_run_closure1$_closure3$_closure6 done
Event: 5554.033 loading class groovy/runtime/metaclass/asLocalRepo16_205pdy8lpv4kk55amhexguul$_run_closure1$_closure3$_closure6MetaClass
Event: 5554.033 loading class groovy/runtime/metaclass/asLocalRepo16_205pdy8lpv4kk55amhexguul$_run_closure1$_closure3$_closure6MetaClass done
Event: 5554.049 Executing VM operation: ForceSafepoint
Event: 5554.050 Executing VM operation: ForceSafepoint done


Dynamic libraries:
0x00007ff778fe0000 - 0x00007ff779011000 	C:\Program Files\Android\Android Studio\jre\bin\java.exe
0x00007ffec4cd0000 - 0x00007ffec4ea1000 	C:\WINDOWS\SYSTEM32\ntdll.dll
0x00007ffec4650000 - 0x00007ffec46fb000 	C:\WINDOWS\System32\KERNEL32.DLL
0x00007ffec1ce0000 - 0x00007ffec1efd000 	C:\WINDOWS\System32\KERNELBASE.dll
0x00007ffec4700000 - 0x00007ffec47a2000 	C:\WINDOWS\System32\ADVAPI32.dll
0x00007ffec3af0000 - 0x00007ffec3b8e000 	C:\WINDOWS\System32\msvcrt.dll
0x00007ffec4bf0000 - 0x00007ffec4c49000 	C:\WINDOWS\System32\sechost.dll
0x00007ffec4460000 - 0x00007ffec4581000 	C:\WINDOWS\System32\RPCRT4.dll
0x00007ffec3f70000 - 0x00007ffec40d5000 	C:\WINDOWS\System32\USER32.dll
0x00007ffec1380000 - 0x00007ffec139e000 	C:\WINDOWS\System32\win32u.dll
0x00007ffec3970000 - 0x00007ffec39a4000 	C:\WINDOWS\System32\GDI32.dll
0x00007ffec20d0000 - 0x00007ffec2252000 	C:\WINDOWS\System32\gdi32full.dll
0x00007ffeb3d60000 - 0x00007ffeb3fda000 	C:\WINDOWS\WinSxS\amd64_microsoft.windows.common-controls_6595b64144ccf1df_6.0.14393.351_none_4213128bc687e6d3\COMCTL32.dll
0x00007ffec3b90000 - 0x00007ffec3e57000 	C:\WINDOWS\System32\combase.dll
0x00007ffec1450000 - 0x00007ffec1545000 	C:\WINDOWS\System32\ucrtbase.dll
0x00007ffec1260000 - 0x00007ffec12ca000 	C:\WINDOWS\System32\bcryptPrimitives.dll
0x00007ffec3ec0000 - 0x00007ffec3eee000 	C:\WINDOWS\System32\IMM32.DLL
0x00000000650e0000 - 0x00000000651b2000 	C:\Program Files\Android\Android Studio\jre\jre\bin\msvcr100.dll
0x0000000064510000 - 0x0000000064d44000 	C:\Program Files\Android\Android Studio\jre\jre\bin\server\jvm.dll
0x00007ffec4be0000 - 0x00007ffec4be8000 	C:\WINDOWS\System32\PSAPI.DLL
0x00007ffeb32f0000 - 0x00007ffeb32f9000 	C:\WINDOWS\SYSTEM32\WSOCK32.dll
0x00007ffebed20000 - 0x00007ffebed43000 	C:\WINDOWS\SYSTEM32\WINMM.dll
0x00007ffeb4950000 - 0x00007ffeb495a000 	C:\WINDOWS\SYSTEM32\VERSION.dll
0x00000000018b0000 - 0x00000000018db000 	C:\WINDOWS\SYSTEM32\WINMMBASE.dll
0x00007ffec3f00000 - 0x00007ffec3f6a000 	C:\WINDOWS\System32\WS2_32.dll
0x00007ffec1550000 - 0x00007ffec1592000 	C:\WINDOWS\System32\cfgmgr32.dll
0x00007ffeb4960000 - 0x00007ffeb496f000 	C:\Program Files\Android\Android Studio\jre\jre\bin\verify.dll
0x00007ffe9a480000 - 0x00007ffe9a4a9000 	C:\Program Files\Android\Android Studio\jre\jre\bin\java.dll
0x00007ffe9b450000 - 0x00007ffe9b466000 	C:\Program Files\Android\Android Studio\jre\jre\bin\zip.dll
0x00007ffec22c0000 - 0x00007ffec37c9000 	C:\WINDOWS\System32\SHELL32.dll
0x00007ffec1600000 - 0x00007ffec1cda000 	C:\WINDOWS\System32\windows.storage.dll
0x00007ffec1170000 - 0x00007ffec11bc000 	C:\WINDOWS\System32\powrprof.dll
0x00007ffec3e60000 - 0x00007ffec3eb2000 	C:\WINDOWS\System32\shlwapi.dll
0x00007ffec1160000 - 0x00007ffec116f000 	C:\WINDOWS\System32\kernel.appcore.dll
0x00007ffec12d0000 - 0x00007ffec1379000 	C:\WINDOWS\System32\shcore.dll
0x00007ffec1130000 - 0x00007ffec1144000 	C:\WINDOWS\System32\profapi.dll
0x00007ffe9a370000 - 0x00007ffe9a38a000 	C:\Program Files\Android\Android Studio\jre\jre\bin\net.dll
0x00007ffec08e0000 - 0x00007ffec093c000 	C:\WINDOWS\system32\mswsock.dll
0x00007ffe9a320000 - 0x00007ffe9a331000 	C:\Program Files\Android\Android Studio\jre\jre\bin\nio.dll
0x00007ffe9e1e0000 - 0x00007ffe9e1f2000 	C:\Users\ADMIN\.gradle\native\19\windows-amd64\native-platform.dll
0x00007ffec0c10000 - 0x00007ffec0c27000 	C:\WINDOWS\SYSTEM32\CRYPTSP.dll
0x00007ffec0ae0000 - 0x00007ffec0b13000 	C:\WINDOWS\system32\rsaenh.dll
0x00007ffec0d10000 - 0x00007ffec0d3b000 	C:\WINDOWS\SYSTEM32\bcrypt.dll
0x00007ffec0760000 - 0x00007ffec077f000 	C:\WINDOWS\SYSTEM32\USERENV.dll
0x00007ffec0c00000 - 0x00007ffec0c0b000 	C:\WINDOWS\SYSTEM32\CRYPTBASE.dll
0x00007ffec0670000 - 0x00007ffec06a8000 	C:\WINDOWS\SYSTEM32\IPHLPAPI.DLL
0x00007ffec4450000 - 0x00007ffec4458000 	C:\WINDOWS\System32\NSI.dll
0x00007ffeb8d80000 - 0x00007ffeb8d96000 	C:\WINDOWS\SYSTEM32\dhcpcsvc6.DLL
0x00007ffeb9530000 - 0x00007ffeb954a000 	C:\WINDOWS\SYSTEM32\dhcpcsvc.DLL
0x00007ffeb6140000 - 0x00007ffeb614d000 	C:\Program Files\Android\Android Studio\jre\jre\bin\management.dll
0x00007ffe9df10000 - 0x00007ffe9df34000 	C:\Program Files\Android\Android Studio\jre\jre\bin\sunec.dll
0x00007ffec06b0000 - 0x00007ffec0750000 	C:\WINDOWS\SYSTEM32\DNSAPI.dll
0x00000000667e0000 - 0x0000000066806000 	C:\Program Files\Bonjour\mdnsNSP.dll
0x00007ffeb6120000 - 0x00007ffeb612a000 	C:\Windows\System32\rasadhlp.dll
0x00007ffeb8960000 - 0x00007ffeb89ca000 	C:\WINDOWS\System32\fwpuclnt.dll
0x00007ffeae3d0000 - 0x00007ffeae562000 	C:\WINDOWS\SYSTEM32\dbghelp.dll

VM Arguments:
jvm_args: -Xmx1536m -Dfile.encoding=windows-1252 -Duser.country=US -Duser.language=en -Duser.variant 
java_command: org.gradle.launcher.daemon.bootstrap.GradleDaemon 2.14.1
java_class_path (initial): C:\Program Files\Android\Android Studio\gradle\gradle-2.14.1\lib\gradle-launcher-2.14.1.jar
Launcher Type: SUN_STANDARD

Environment Variables:
JAVA_HOME=C:\Program Files\Java\jdk1.8.0_102
CLASSPATH=.;
PATH=C:\ProgramData\Oracle\Java\javapath;C:\Program Files\Java\jdk1.7.0_79\bin;C:\WINDOWS\system32;C:\WINDOWS;C:\WINDOWS\System32\Wbem;C:\WINDOWS\System32\WindowsPowerShell\v1.0\;C:\Program Files (x86)\Skype\Phone\;C:\Program Files (x86)\Windows Live\Shared;D:\Node.js\;C:\ProgramData\chocolatey\bin;C:\Program Files\Java\jdk1.8.0_102\bin;C:\Users\ADMIN\AppData\Local\Android\android-sdk\tools;C:\Users\ADMIN\AppData\Local\Android\android-sdk\platform-tools;C:\Users\ADMIN\AppData\Local\Programs\Git\cmd;C:\Program Files (x86)\NVIDIA Corporation\PhysX\Common;C:\Program Files (x86)\Microsoft SQL Server\90\Tools\binn\;C:\Program Files (x86)\Brackets\command;C:\Program Files\MySQL\MySQL Utilities 1.6\;C:\Program Files (x86)\Google\Chrome\Application;C:\Program Files (x86)\Razer Chroma SDK\bin;C:\Program Files\Razer Chroma SDK\bin;C:\Program Files (x86)\ultimate;C:\WINDOWS\system32;C:\WINDOWS;C:\WINDOWS\System32\Wbem;C:\WINDOWS\System32\WindowsPowerShell\v1.0\;C:\Program Files (x86)\NVIDIA Corporation\PhysX\Common;C:\Program Files (x86)\Skype\Phone\;C:\Program Files (x86)\QuickTime\QTSystem\;C:\Program Files (x86)\Windows Kits\8.1\Windows Performance Toolkit\;C:\Program Files\Microsoft SQL Server\110\Tools\Binn\;C:\Users\ADMIN\AppData\Local\atom\bin;C:\Users\ADMIN\AppData\Roaming\npm;%USERPROFILE%\AppData\Local\Microsoft\WindowsApps;
USERNAME=ADMIN
OS=Windows_NT
PROCESSOR_IDENTIFIER=Intel64 Family 6 Model 60 Stepping 3, GenuineIntel



---------------  S Y S T E M  ---------------

OS: Windows 10.0 , 64 bit Build 14393 (10.0.14393.0)

CPU:total 8 (4 cores per cpu, 2 threads per core) family 6 model 60 stepping 3, cmov, cx8, fxsr, mmx, sse, sse2, sse3, ssse3, sse4.1, sse4.2, popcnt, avx, avx2, aes, clmul, erms, lzcnt, ht, tsc, tscinvbit, bmi1, bmi2

Memory: 4k page, physical 8268940k(2445096k free), swap 11414668k(3252980k free)

vm_info: OpenJDK 64-Bit Server VM (25.76-b03) for windows-amd64 JRE (1.8.0_76-release-b03), built on Jun 29 2016 19:09:20 by "ralucas" with MS VC++ 10.0 (VS2010)

time: Thu Nov 03 23:54:45 2016
elapsed time: 5554 seconds (0d 1h 32m 34s)

